<?xml version="1.0" encoding="UTF-8"?>
<!-- Generated by org.testng.reporters.JUnitReportReporter -->
<testsuite hostname="Ahmed_Niyaz" failures="0" tests="1" name="com.qa.ecommapi.tests.profileApprovalTest" time="2.547" errors="0" timestamp="2024-08-28T17:50:40 IST" skipped="0">
  <testcase classname="com.qa.ecommapi.tests.profileApprovalTest" name="conresProfileApproval" time="2.547"/>
</testsuite> <!-- com.qa.ecommapi.tests.profileApprovalTest -->
