<?xml version="1.0" encoding="UTF-8"?>
<!-- Generated by org.testng.reporters.JUnitReportReporter -->
<testsuite hostname="Ahmed_Niyaz" failures="0" tests="1" name="com.qa.ecommapi.tests.profileApprovalTest" time="4.261" errors="0" timestamp="2024-08-29T12:38:55 IST" skipped="0">
  <testcase classname="com.qa.ecommapi.tests.profileApprovalTest" name="conresProfileApproval" time="4.261"/>
</testsuite> <!-- com.qa.ecommapi.tests.profileApprovalTest -->
